{"ts":1680766771092,"action":"PROJECT_OPENED","tags":{"PROJECT_NAME":"eam360-ui-android"}}
{"ts":1680766773541,"action":"IDE_DEACTIVATED"}
{"ts":1680766859314,"action":"IDE_ACTIVATED"}
{"ts":1680766878953,"action":"FILE_CLOSED","file":"/app/src/main/java/com/tarkalabs/ui/MainActivity.kt","tags":{"FILE_LINE_OF_CODE":"40"}}
{"ts":1680766878953,"action":"FILE_OPENED","file":"/app/src/main/java/com/tarkalabs/ui/ui/theme/Theme.kt","tags":{"FILE_LINE_OF_CODE":"47"}}
{"ts":1680766895175,"action":"FILE_CLOSED","file":"/app/src/main/java/com/tarkalabs/ui/ui/theme/Theme.kt","tags":{"FILE_LINE_OF_CODE":"47"}}
{"ts":1680766895175,"action":"FILE_OPENED","file":"/app/build.gradle","tags":{"FILE_LINE_OF_CODE":"63"}}
{"ts":1680766903559,"action":"FILE_CLOSED","file":"/app/build.gradle","tags":{"FILE_LINE_OF_CODE":"63"}}
{"ts":1680766903559,"action":"FILE_OPENED","file":"/app/proguard-rules.pro","tags":{"FILE_LINE_OF_CODE":"21"}}
{"ts":1680766904295,"action":"FILE_CLOSED","file":"/app/proguard-rules.pro","tags":{"FILE_LINE_OF_CODE":"21"}}
{"ts":1680766904295,"action":"FILE_OPENED","file":"/app/build.gradle","tags":{"FILE_LINE_OF_CODE":"63"}}
{"ts":1680766908296,"action":"FILE_CLOSED","file":"/app/build.gradle","tags":{"FILE_LINE_OF_CODE":"63"}}
{"ts":1680766908296,"action":"FILE_OPENED","file":"/build.gradle","tags":{"FILE_LINE_OF_CODE":"10"}}
{"ts":1680766954965,"action":"FILE_CLOSED","file":"/build.gradle","tags":{"FILE_LINE_OF_CODE":"10"}}
{"ts":1680766954965,"action":"FILE_OPENED","file":"/app/build.gradle","tags":{"FILE_LINE_OF_CODE":"63"}}
{"ts":1680766978929,"action":"FILE_CLOSED","file":"/app/build.gradle","tags":{"FILE_LINE_OF_CODE":"63"}}
{"ts":1680766978929,"action":"FILE_OPENED","file":"/build.gradle","tags":{"FILE_LINE_OF_CODE":"10"}}
{"ts":1680766993611,"action":"FILE_CLOSED","file":"/build.gradle","tags":{"FILE_LINE_OF_CODE":"12"}}
{"ts":1680766993611,"action":"FILE_OPENED","file":"/app/build.gradle","tags":{"FILE_LINE_OF_CODE":"63"}}
{"ts":1680766997683,"action":"FILE_CLOSED","file":"/app/build.gradle","tags":{"FILE_LINE_OF_CODE":"63"}}
{"ts":1680766997683,"action":"FILE_OPENED","file":"/build.gradle","tags":{"FILE_LINE_OF_CODE":"12"}}
{"ts":1680767002169,"action":"FILE_CLOSED","file":"/build.gradle","tags":{"FILE_LINE_OF_CODE":"12"}}
{"ts":1680767002169,"action":"FILE_OPENED","file":"/app/build.gradle","tags":{"FILE_LINE_OF_CODE":"63"}}
{"ts":1680767043142,"action":"FILE_CLOSED","file":"/app/build.gradle","tags":{"FILE_LINE_OF_CODE":"63"}}
{"ts":1680767043142,"action":"FILE_OPENED","file":"/build.gradle","tags":{"FILE_LINE_OF_CODE":"12"}}
{"ts":1680767149583,"action":"IDE_DEACTIVATED"}
{"ts":1680767150637,"action":"IDE_ACTIVATED"}
{"ts":1680767197837,"action":"IDE_DEACTIVATED"}
{"ts":1680767197838,"action":"IDE_ACTIVATED"}
{"ts":1680767280422,"action":"FILE_CLOSED","file":"/build.gradle","tags":{"FILE_LINE_OF_CODE":"12"}}
{"ts":1680767280422,"action":"FILE_OPENED","file":"/app/build.gradle","tags":{"FILE_LINE_OF_CODE":"63"}}
{"ts":1680767298762,"action":"IDE_DEACTIVATED"}
{"ts":1680767298763,"action":"IDE_ACTIVATED"}
{"ts":1680767349133,"action":"FILE_CLOSED","file":"/app/build.gradle","tags":{"FILE_LINE_OF_CODE":"63"}}
{"ts":1680767349133,"action":"FILE_OPENED","file":"/build.gradle","tags":{"FILE_LINE_OF_CODE":"12"}}
{"ts":1680767353522,"action":"FILE_CLOSED","file":"/build.gradle","tags":{"FILE_LINE_OF_CODE":"12"}}
{"ts":1680767353522,"action":"FILE_OPENED","file":"/app/build.gradle","tags":{"FILE_LINE_OF_CODE":"63"}}
{"ts":1680767363317,"action":"IDE_DEACTIVATED"}
{"ts":1680767363352,"action":"IDE_ACTIVATED"}
{"ts":1680767414386,"action":"FILE_CLOSED","file":"/app/build.gradle","tags":{"FILE_LINE_OF_CODE":"63"}}
{"ts":1680767414386,"action":"FILE_OPENED","file":"/build.gradle","tags":{"FILE_LINE_OF_CODE":"12"}}
{"ts":1680767418254,"action":"FILE_CLOSED","file":"/build.gradle","tags":{"FILE_LINE_OF_CODE":"12"}}
{"ts":1680767418254,"action":"FILE_OPENED","file":"/app/build.gradle","tags":{"FILE_LINE_OF_CODE":"63"}}
{"ts":1680767451757,"action":"FILE_CLOSED","file":"/app/build.gradle","tags":{"FILE_LINE_OF_CODE":"63"}}
{"ts":1680767451757,"action":"FILE_OPENED","file":"/build.gradle","tags":{"FILE_LINE_OF_CODE":"12"}}
{"ts":1680767453002,"action":"FILE_CLOSED","file":"/build.gradle","tags":{"FILE_LINE_OF_CODE":"12"}}
{"ts":1680767453002,"action":"FILE_OPENED","file":"/app/build.gradle","tags":{"FILE_LINE_OF_CODE":"63"}}
{"ts":1680767565246,"action":"IDE_DEACTIVATED"}
{"ts":1680767570109,"action":"IDE_ACTIVATED"}
{"ts":1680767584444,"action":"IDE_DEACTIVATED"}
{"ts":1680767606065,"action":"IDE_ACTIVATED"}
{"ts":1680767614654,"action":"IDE_DEACTIVATED"}
{"ts":1680767614665,"action":"IDE_ACTIVATED"}
{"ts":1680767619283,"action":"FILE_CLOSED","file":"/app/build.gradle","tags":{"FILE_LINE_OF_CODE":"67"}}
{"ts":1680767619283,"action":"FILE_OPENED","file":"/build.gradle","tags":{"FILE_LINE_OF_CODE":"12"}}
{"ts":1680767621084,"action":"FILE_CLOSED","file":"/build.gradle","tags":{"FILE_LINE_OF_CODE":"12"}}
{"ts":1680767621084,"action":"FILE_OPENED","file":"/app/build.gradle","tags":{"FILE_LINE_OF_CODE":"67"}}
{"ts":1680767625087,"action":"IDE_DEACTIVATED"}
{"ts":1680767634608,"action":"IDE_ACTIVATED"}
{"ts":1680767644950,"action":"IDE_DEACTIVATED"}
{"ts":1680767647297,"action":"IDE_ACTIVATED"}
{"ts":1680767653197,"action":"IDE_DEACTIVATED"}
{"ts":1680767654475,"action":"IDE_ACTIVATED"}
{"ts":1680767661533,"action":"IDE_DEACTIVATED"}
{"ts":1680767666409,"action":"IDE_ACTIVATED"}
{"ts":1680767668975,"action":"IDE_DEACTIVATED"}
{"ts":1680767670950,"action":"IDE_ACTIVATED"}
{"ts":1680767688525,"action":"IDE_DEACTIVATED"}
{"ts":1680767690316,"action":"IDE_ACTIVATED"}
{"ts":1680767737554,"action":"IDE_DEACTIVATED"}
{"ts":1680767768562,"action":"IDE_ACTIVATED"}
{"ts":1680767775101,"action":"FILE_CLOSED","file":"/app/build.gradle","tags":{"FILE_LINE_OF_CODE":"67"}}
{"ts":1680767775101,"action":"FILE_OPENED","file":"/app/src/main/java/com/tarkalabs/ui/ui/theme/Theme.kt","tags":{"FILE_LINE_OF_CODE":"47"}}
{"ts":1680767775381,"action":"FILE_CLOSED","file":"/app/src/main/java/com/tarkalabs/ui/ui/theme/Theme.kt","tags":{"FILE_LINE_OF_CODE":"47"}}
{"ts":1680767775381,"action":"FILE_OPENED","file":"/app/src/main/java/com/tarkalabs/ui/MainActivity.kt","tags":{"FILE_LINE_OF_CODE":"40"}}
{"ts":1680767775721,"action":"FILE_CLOSED","file":"/app/src/main/java/com/tarkalabs/ui/MainActivity.kt","tags":{"FILE_LINE_OF_CODE":"40"}}
{"ts":1680767775721,"action":"FILE_OPENED","file":"/build.gradle","tags":{"FILE_LINE_OF_CODE":"12"}}
{"ts":1680767776296,"action":"FILE_CLOSED","file":"/build.gradle","tags":{"FILE_LINE_OF_CODE":"12"}}
{"ts":1680767776296,"action":"FILE_OPENED","file":"/app/proguard-rules.pro","tags":{"FILE_LINE_OF_CODE":"21"}}
{"ts":1680767776740,"action":"FILE_CLOSED","file":"/app/proguard-rules.pro","tags":{"FILE_LINE_OF_CODE":"21"}}
{"ts":1680768073606,"action":"IDE_DEACTIVATED"}
{"ts":1680768076758,"action":"IDE_ACTIVATED"}
{"ts":1680768082632,"action":"IDE_DEACTIVATED"}
{"ts":1680768129184,"action":"IDE_ACTIVATED"}
{"ts":1680768133583,"action":"FILE_OPENED","file":"/.gitignore","tags":{"FILE_LINE_OF_CODE":"104"}}
{"ts":1680768176259,"action":"IDE_DEACTIVATED"}
{"ts":1680768240031,"action":"IDE_DEACTIVATED"}
{"ts":1680768240791,"action":"IDE_ACTIVATED"}
{"ts":1680768244842,"action":"IDE_DEACTIVATED"}
{"ts":1680768297817,"action":"IDE_ACTIVATED"}
{"ts":1680768299230,"action":"IDE_DEACTIVATED"}
{"ts":1680768300497,"action":"IDE_ACTIVATED"}
{"ts":1680768302481,"action":"IDE_DEACTIVATED"}
{"ts":1680768303713,"action":"IDE_ACTIVATED"}
{"ts":1680768305164,"action":"IDE_DEACTIVATED"}
{"ts":1680768312218,"action":"IDE_ACTIVATED"}
{"ts":1680768316710,"action":"IDE_DEACTIVATED"}
{"ts":1680768902118,"action":"IDE_ACTIVATED"}
{"ts":1680768907378,"action":"FILE_CLOSED","file":"/.gitignore","tags":{"FILE_LINE_OF_CODE":"9"}}
{"ts":1680768912472,"action":"PROJECT_CLOSED","tags":{"PROJECT_NAME":"eam360-ui-android"}}
{"ts":1680768927914,"action":"PROJECT_OPENED","tags":{"PROJECT_NAME":"eam360-ui-android"}}
{"ts":1680768943077,"action":"FILE_OPENED","file":"/build.gradle","tags":{"FILE_LINE_OF_CODE":"12"}}
{"ts":1680768943736,"action":"FILE_CLOSED","file":"/build.gradle","tags":{"FILE_LINE_OF_CODE":"12"}}
{"ts":1680768943736,"action":"FILE_OPENED","file":"/.gitignore","tags":{"FILE_LINE_OF_CODE":"9"}}
{"ts":1680768956985,"action":"IDE_DEACTIVATED"}
{"ts":1680768985508,"action":"IDE_ACTIVATED"}
